<?xml version="1.0" encoding="UTF-8"?>
<testng-results ignored="0" total="0" passed="0" failed="0" skipped="0">
  <reporter-output>
  </reporter-output>
  <suite started-at="2023-12-01T16:33:53 IST" name="test1" finished-at="2023-12-01T16:33:53 IST" duration-ms="78">
    <groups>
    </groups>
    <test started-at="2023-12-01T16:33:53 IST" name="POMFramework" finished-at="2023-12-01T16:33:53 IST" duration-ms="78">
    </test> <!-- POMFramework -->
  </suite> <!-- test1 -->
</testng-results>
