<?xml version="1.0" encoding="UTF-8"?>
<testng-results ignored="0" total="1" passed="1" failed="0" skipped="0">
  <reporter-output>
  </reporter-output>
  <suite started-at="2023-11-20T17:26:48 IST" name="Default suite" finished-at="2023-11-20T17:26:49 IST" duration-ms="70">
    <groups>
    </groups>
    <test started-at="2023-11-20T17:26:48 IST" name="Default test" finished-at="2023-11-20T17:26:49 IST" duration-ms="70">
      <class name="com.app.ecommerce.Test.ECommerceApp">
        <test-method signature="testCheckStockAvailability()[pri:0, instance:com.app.ecommerce.Test.ECommerceApp@662b4c69]" started-at="2023-11-20T17:26:48 IST" name="testCheckStockAvailability" finished-at="2023-11-20T17:26:49 IST" duration-ms="33" status="PASS">
          <reporter-output>
          </reporter-output>
        </test-method> <!-- testCheckStockAvailability -->
      </class> <!-- com.app.ecommerce.Test.ECommerceApp -->
    </test> <!-- Default test -->
  </suite> <!-- Default suite -->
</testng-results>
